<?xml version="1.0" encoding="UTF-8"?>
<!-- Generated by org.testng.reporters.JUnitXMLReporter -->
<testsuite hostname="LAPTOP-N0G0NBDP" ignored="0" name="Emulator Test" tests="4" failures="1" timestamp="06 Jun 2021 17:35:35 GMT" time="54.828" errors="0">
  <testcase name="setUpEmulator" time="35.801" classname="testNgScripts.HostelWorldTest"/>
  <testcase name="TestSearch" time="15.371" classname="testNgScripts.HostelWorldTest"/>
  <testcase name="destinationTest" time="3.341" classname="testNgScripts.HostelWorldTest">
    <failure type="java.lang.AssertionError" message="The following asserts failed:
	destination donot match expected [London] but found [London, England]">
      <![CDATA[java.lang.AssertionError: The following asserts failed:
destination donot match expected [London] but found [London, England]
at testNgScripts.HostelWorldTest.destinationTest(HostelWorldTest.java:87)
at java.util.concurrent.FutureTask.run(Unknown Source)
at java.util.concurrent.ThreadPoolExecutor.runWorker(Unknown Source)
at java.util.concurrent.ThreadPoolExecutor$Worker.run(Unknown Source)
at java.lang.Thread.run(Unknown Source)
... Removed 17 stack frames]]>
    </failure>
  </testcase> <!-- destinationTest -->
  <testcase name="SearchbuttonClick" time="0.234" classname="testNgScripts.HostelWorldTest"/>
</testsuite> <!-- Emulator Test -->
