<?xml version="1.0" encoding="UTF-8"?>
<!-- Generated by org.testng.reporters.JUnitXMLReporter -->
<testsuite hostname="LAPTOP-N0G0NBDP" ignored="0" name="MailBoxTest2" tests="3" failures="0" timestamp="06 Jun 2021 16:06:08 GMT" time="0.018" errors="0">
  <testcase name="CreateEmail" time="0.002" classname="com.qa.AppiumScripts.Myfile"/>
  <testcase name="ModifyEmail" time="0.003" classname="com.qa.AppiumScripts.Myfile"/>
  <testcase name="DeleteEmail" time="0.002" classname="com.qa.AppiumScripts.Myfile"/>
</testsuite> <!-- MailBoxTest2 -->
